<?xml version="1.0" encoding="UTF-8"?>
<!-- Generated by org.testng.reporters.JUnitReportReporter -->
<testsuite hostname="GP-PC-001" failures="0" tests="2" name="test.LoginTest" time="18.731" errors="0" timestamp="11 Feb 2024 02:14:39 GMT">
  <testcase classname="test.LoginTest" name="validUserShouldBeAbleToLogin" time="14.618"/>
  <testcase classname="test.LoginTest" name="validateLoginPageErrorMsgs" time="4.113"/>
</testsuite> <!-- test.LoginTest -->
