<?xml version="1.0" encoding="UTF-8"?>
<!-- Generated by org.testng.reporters.JUnitReportReporter -->
<testsuite hostname="GP-PC-001" failures="0" tests="1" name="test.NewCustomerTest" time="103.519" errors="0" timestamp="22 Apr 2024 00:36:07 GMT">
  <testcase classname="test.NewCustomerTest" name="userShouldBeAbleToAddNewCustomer" time="103.519"/>
</testsuite> <!-- test.NewCustomerTest -->
